<?xml version="1.0" encoding="UTF-8"?>
<coverage generated="1776714613986" clover="3.2.0">
  <project timestamp="1776714613986" name="All files">
    <metrics statements="47" coveredstatements="32" conditionals="28" coveredconditionals="18" methods="21" coveredmethods="8" elements="96" coveredelements="58" complexity="0" loc="47" ncloc="47" packages="3" files="4" classes="4"/>
    <package name="api">
      <metrics statements="27" coveredstatements="15" conditionals="18" coveredconditionals="10" methods="13" coveredmethods="4"/>
      <file name="client.js" path="/Users/ostapmamchur/Developer/university/programming/lab3/src/api/client.js">
        <metrics statements="27" coveredstatements="15" conditionals="18" coveredconditionals="10" methods="13" coveredmethods="4"/>
        <line num="1" count="1" type="cond" truecount="2" falsecount="0"/>
        <line num="5" count="0" type="stmt"/>
        <line num="6" count="0" type="stmt"/>
        <line num="7" count="0" type="stmt"/>
        <line num="12" count="2" type="stmt"/>
        <line num="16" count="2" type="cond" truecount="2" falsecount="0"/>
        <line num="17" count="1" type="stmt"/>
        <line num="20" count="2" type="stmt"/>
        <line num="25" count="2" type="cond" truecount="2" falsecount="0"/>
        <line num="26" count="1" type="stmt"/>
        <line num="29" count="1" type="stmt"/>
        <line num="30" count="1" type="cond" truecount="1" falsecount="1"/>
        <line num="32" count="2" type="cond" truecount="1" falsecount="1"/>
        <line num="33" count="0" type="cond" truecount="0" falsecount="2"/>
        <line num="36" count="1" type="stmt"/>
        <line num="40" count="2" type="cond" truecount="1" falsecount="1"/>
        <line num="42" count="2" type="stmt"/>
        <line num="44" count="1" type="stmt"/>
        <line num="50" count="0" type="stmt"/>
        <line num="55" count="0" type="stmt"/>
        <line num="58" count="0" type="stmt"/>
        <line num="61" count="0" type="stmt"/>
        <line num="64" count="0" type="stmt"/>
        <line num="70" count="0" type="stmt"/>
        <line num="75" count="0" type="stmt"/>
        <line num="81" count="0" type="stmt"/>
        <line num="87" count="1" type="stmt"/>
      </file>
    </package>
    <package name="components">
      <metrics statements="2" coveredstatements="2" conditionals="0" coveredconditionals="0" methods="2" coveredmethods="2"/>
      <file name="MetricCard.jsx" path="/Users/ostapmamchur/Developer/university/programming/lab3/src/components/MetricCard.jsx">
        <metrics statements="1" coveredstatements="1" conditionals="0" coveredconditionals="0" methods="1" coveredmethods="1"/>
        <line num="2" count="1" type="stmt"/>
      </file>
      <file name="StatusBadge.jsx" path="/Users/ostapmamchur/Developer/university/programming/lab3/src/components/StatusBadge.jsx">
        <metrics statements="1" coveredstatements="1" conditionals="0" coveredconditionals="0" methods="1" coveredmethods="1"/>
        <line num="2" count="1" type="stmt"/>
      </file>
    </package>
    <package name="pages">
      <metrics statements="18" coveredstatements="15" conditionals="10" coveredconditionals="8" methods="6" coveredmethods="2"/>
      <file name="LoginPage.jsx" path="/Users/ostapmamchur/Developer/university/programming/lab3/src/pages/LoginPage.jsx">
        <metrics statements="18" coveredstatements="15" conditionals="10" coveredconditionals="8" methods="6" coveredmethods="2"/>
        <line num="6" count="7" type="stmt"/>
        <line num="7" count="7" type="stmt"/>
        <line num="8" count="7" type="stmt"/>
        <line num="12" count="7" type="stmt"/>
        <line num="13" count="7" type="stmt"/>
        <line num="15" count="7" type="cond" truecount="1" falsecount="1"/>
        <line num="16" count="0" type="stmt"/>
        <line num="20" count="2" type="stmt"/>
        <line num="21" count="2" type="stmt"/>
        <line num="22" count="2" type="stmt"/>
        <line num="24" count="2" type="stmt"/>
        <line num="25" count="2" type="stmt"/>
        <line num="26" count="1" type="stmt"/>
        <line num="28" count="1" type="stmt"/>
        <line num="30" count="2" type="stmt"/>
        <line num="34" count="7" type="stmt"/>
        <line num="49" count="0" type="stmt"/>
        <line num="59" count="0" type="stmt"/>
      </file>
    </package>
  </project>
</coverage>
