{"/Users/ostapmamchur/Developer/university/programming/lab3/src/api/client.js": {"path":"/Users/ostapmamchur/Developer/university/programming/lab3/src/api/client.js","statementMap":{"0":{"start":{"line":1,"column":49},"end":{"line":1,"column":null}},"1":{"start":{"line":2,"column":16},"end":{"line":2,"column":96}},"2":{"start":{"line":6,"column":4},"end":{"line":6,"column":null}},"3":{"start":{"line":7,"column":4},"end":{"line":7,"column":null}},"4":{"start":{"line":8,"column":4},"end":{"line":8,"column":null}},"5":{"start":{"line":13,"column":18},"end":{"line":15,"column":3}},"6":{"start":{"line":17,"column":2},"end":{"line":19,"column":null}},"7":{"start":{"line":18,"column":4},"end":{"line":18,"column":null}},"8":{"start":{"line":21,"column":19},"end":{"line":24,"column":4}},"9":{"start":{"line":26,"column":2},"end":{"line":28,"column":null}},"10":{"start":{"line":27,"column":4},"end":{"line":27,"column":null}},"11":{"start":{"line":30,"column":15},"end":{"line":30,"column":36}},"12":{"start":{"line":31,"column":15},"end":{"line":31,"column":45}},"13":{"start":{"line":33,"column":2},"end":{"line":35,"column":null}},"14":{"start":{"line":34,"column":4},"end":{"line":34,"column":null}},"15":{"start":{"line":37,"column":2},"end":{"line":37,"column":null}},"16":{"start":{"line":41,"column":22},"end":{"line":41,"column":71}},"17":{"start":{"line":43,"column":2},"end":{"line":92,"column":null}},"18":{"start":{"line":45,"column":6},"end":{"line":48,"column":null}},"19":{"start":{"line":51,"column":6},"end":{"line":53,"column":null}},"20":{"start":{"line":56,"column":6},"end":{"line":56,"column":null}},"21":{"start":{"line":59,"column":6},"end":{"line":59,"column":null}},"22":{"start":{"line":62,"column":6},"end":{"line":62,"column":null}},"23":{"start":{"line":65,"column":6},"end":{"line":68,"column":null}},"24":{"start":{"line":71,"column":6},"end":{"line":73,"column":null}},"25":{"start":{"line":76,"column":6},"end":{"line":79,"column":null}},"26":{"start":{"line":82,"column":6},"end":{"line":85,"column":null}},"27":{"start":{"line":88,"column":6},"end":{"line":90,"column":null}}},"fnMap":{"0":{"name":"(anonymous_0)","decl":{"start":{"line":5,"column":2},"end":{"line":5,"column":13}},"loc":{"start":{"line":5,"column":35},"end":{"line":9,"column":null}},"line":5},"1":{"name":"request","decl":{"start":{"line":12,"column":15},"end":{"line":12,"column":22}},"loc":{"start":{"line":12,"column":43},"end":{"line":38,"column":null}},"line":12},"2":{"name":"createApiClient","decl":{"start":{"line":40,"column":16},"end":{"line":40,"column":31}},"loc":{"start":{"line":40,"column":39},"end":{"line":93,"column":null}},"line":40},"3":{"name":"(anonymous_3)","decl":{"start":{"line":44,"column":4},"end":{"line":44,"column":9}},"loc":{"start":{"line":44,"column":19},"end":{"line":49,"column":5}},"line":44},"4":{"name":"(anonymous_4)","decl":{"start":{"line":50,"column":4},"end":{"line":50,"column":6}},"loc":{"start":{"line":50,"column":9},"end":{"line":54,"column":5}},"line":50},"5":{"name":"(anonymous_5)","decl":{"start":{"line":55,"column":4},"end":{"line":55,"column":12}},"loc":{"start":{"line":55,"column":25},"end":{"line":57,"column":5}},"line":55},"6":{"name":"(anonymous_6)","decl":{"start":{"line":58,"column":4},"end":{"line":58,"column":15}},"loc":{"start":{"line":58,"column":28},"end":{"line":60,"column":5}},"line":58},"7":{"name":"(anonymous_7)","decl":{"start":{"line":61,"column":4},"end":{"line":61,"column":12}},"loc":{"start":{"line":61,"column":25},"end":{"line":63,"column":5}},"line":61},"8":{"name":"(anonymous_8)","decl":{"start":{"line":64,"column":4},"end":{"line":64,"column":17}},"loc":{"start":{"line":64,"column":27},"end":{"line":69,"column":5}},"line":64},"9":{"name":"(anonymous_9)","decl":{"start":{"line":70,"column":4},"end":{"line":70,"column":17}},"loc":{"start":{"line":70,"column":22},"end":{"line":74,"column":5}},"line":70},"10":{"name":"(anonymous_10)","decl":{"start":{"line":75,"column":4},"end":{"line":75,"column":14}},"loc":{"start":{"line":75,"column":24},"end":{"line":80,"column":5}},"line":75},"11":{"name":"(anonymous_11)","decl":{"start":{"line":81,"column":4},"end":{"line":81,"column":14}},"loc":{"start":{"line":81,"column":28},"end":{"line":86,"column":5}},"line":81},"12":{"name":"(anonymous_12)","decl":{"start":{"line":87,"column":4},"end":{"line":87,"column":14}},"loc":{"start":{"line":87,"column":19},"end":{"line":91,"column":null}},"line":87}},"branchMap":{"0":{"loc":{"start":{"line":1,"column":49},"end":{"line":1,"column":null}},"type":"binary-expr","locations":[{"start":{"line":1,"column":49},"end":{"line":1,"column":null}},{"start":{"line":1,"column":49},"end":{"line":1,"column":null}}],"line":1},"1":{"loc":{"start":{"line":2,"column":16},"end":{"line":2,"column":96}},"type":"binary-expr","locations":[{"start":{"line":2,"column":16},"end":{"line":2,"column":37}},{"start":{"line":2,"column":41},"end":{"line":2,"column":69}},{"start":{"line":2,"column":73},"end":{"line":2,"column":96}}],"line":2},"2":{"loc":{"start":{"line":12,"column":29},"end":{"line":12,"column":41}},"type":"default-arg","locations":[{"start":{"line":12,"column":39},"end":{"line":12,"column":41}}],"line":12},"3":{"loc":{"start":{"line":17,"column":2},"end":{"line":19,"column":null}},"type":"if","locations":[{"start":{"line":17,"column":2},"end":{"line":19,"column":null}},{"start":{},"end":{}}],"line":17},"4":{"loc":{"start":{"line":26,"column":2},"end":{"line":28,"column":null}},"type":"if","locations":[{"start":{"line":26,"column":2},"end":{"line":28,"column":null}},{"start":{},"end":{}}],"line":26},"5":{"loc":{"start":{"line":31,"column":15},"end":{"line":31,"column":45}},"type":"cond-expr","locations":[{"start":{"line":31,"column":22},"end":{"line":31,"column":38}},{"start":{"line":31,"column":41},"end":{"line":31,"column":45}}],"line":31},"6":{"loc":{"start":{"line":33,"column":2},"end":{"line":35,"column":null}},"type":"if","locations":[{"start":{"line":33,"column":2},"end":{"line":35,"column":null}},{"start":{},"end":{}}],"line":33},"7":{"loc":{"start":{"line":34,"column":23},"end":{"line":34,"column":54}},"type":"binary-expr","locations":[{"start":{"line":34,"column":23},"end":{"line":34,"column":34}},{"start":{"line":34,"column":38},"end":{"line":34,"column":54}}],"line":34},"8":{"loc":{"start":{"line":41,"column":22},"end":{"line":41,"column":71}},"type":"cond-expr","locations":[{"start":{"line":41,"column":30},"end":{"line":41,"column":66}},{"start":{"line":41,"column":69},"end":{"line":41,"column":71}}],"line":41},"9":{"loc":{"start":{"line":55,"column":13},"end":{"line":55,"column":23}},"type":"default-arg","locations":[{"start":{"line":55,"column":21},"end":{"line":55,"column":23}}],"line":55},"10":{"loc":{"start":{"line":58,"column":16},"end":{"line":58,"column":26}},"type":"default-arg","locations":[{"start":{"line":58,"column":24},"end":{"line":58,"column":26}}],"line":58},"11":{"loc":{"start":{"line":61,"column":13},"end":{"line":61,"column":23}},"type":"default-arg","locations":[{"start":{"line":61,"column":21},"end":{"line":61,"column":23}}],"line":61}},"s":{"0":1,"1":1,"2":0,"3":0,"4":0,"5":2,"6":2,"7":1,"8":2,"9":2,"10":1,"11":1,"12":1,"13":2,"14":0,"15":1,"16":2,"17":2,"18":1,"19":0,"20":0,"21":0,"22":0,"23":0,"24":0,"25":0,"26":0,"27":1},"f":{"0":0,"1":2,"2":2,"3":1,"4":0,"5":0,"6":0,"7":0,"8":0,"9":0,"10":0,"11":0,"12":1},"b":{"0":[1,1],"1":[1,1,1],"2":[2],"3":[1,1],"4":[1,1],"5":[1,0],"6":[0,2],"7":[0,0],"8":[0,2],"9":[0],"10":[0],"11":[0]},"meta":{"lastBranch":12,"lastFunction":13,"lastStatement":28,"seen":{"s:1:49:1:Infinity":0,"b:1:49:1:Infinity:1:49:1:Infinity":0,"s:2:16:2:96":1,"b:2:16:2:37:2:41:2:69:2:73:2:96":1,"f:5:2:5:13":0,"s:6:4:6:Infinity":2,"s:7:4:7:Infinity":3,"s:8:4:8:Infinity":4,"f:12:15:12:22":1,"b:12:39:12:41":2,"s:13:18:15:3":5,"b:17:2:19:Infinity:undefined:undefined:undefined:undefined":3,"s:17:2:19:Infinity":6,"s:18:4:18:Infinity":7,"s:21:19:24:4":8,"b:26:2:28:Infinity:undefined:undefined:undefined:undefined":4,"s:26:2:28:Infinity":9,"s:27:4:27:Infinity":10,"s:30:15:30:36":11,"s:31:15:31:45":12,"b:31:22:31:38:31:41:31:45":5,"b:33:2:35:Infinity:undefined:undefined:undefined:undefined":6,"s:33:2:35:Infinity":13,"s:34:4:34:Infinity":14,"b:34:23:34:34:34:38:34:54":7,"s:37:2:37:Infinity":15,"f:40:16:40:31":2,"s:41:22:41:71":16,"b:41:30:41:66:41:69:41:71":8,"s:43:2:92:Infinity":17,"f:44:4:44:9":3,"s:45:6:48:Infinity":18,"f:50:4:50:6":4,"s:51:6:53:Infinity":19,"f:55:4:55:12":5,"b:55:21:55:23":9,"s:56:6:56:Infinity":20,"f:58:4:58:15":6,"b:58:24:58:26":10,"s:59:6:59:Infinity":21,"f:61:4:61:12":7,"b:61:21:61:23":11,"s:62:6:62:Infinity":22,"f:64:4:64:17":8,"s:65:6:68:Infinity":23,"f:70:4:70:17":9,"s:71:6:73:Infinity":24,"f:75:4:75:14":10,"s:76:6:79:Infinity":25,"f:81:4:81:14":11,"s:82:6:85:Infinity":26,"f:87:4:87:14":12,"s:88:6:90:Infinity":27}}}
,"/Users/ostapmamchur/Developer/university/programming/lab3/src/components/MetricCard.jsx": {"path":"/Users/ostapmamchur/Developer/university/programming/lab3/src/components/MetricCard.jsx","statementMap":{"0":{"start":{"line":2,"column":2},"end":{"line":7,"column":null}}},"fnMap":{"0":{"name":"MetricCard","decl":{"start":{"line":1,"column":24},"end":{"line":1,"column":35}},"loc":{"start":{"line":1,"column":61},"end":{"line":9,"column":null}},"line":1}},"branchMap":{},"s":{"0":1},"f":{"0":1},"b":{},"meta":{"lastBranch":0,"lastFunction":1,"lastStatement":1,"seen":{"f:1:24:1:35":0,"s:2:2:7:Infinity":0}}}
,"/Users/ostapmamchur/Developer/university/programming/lab3/src/components/StatusBadge.jsx": {"path":"/Users/ostapmamchur/Developer/university/programming/lab3/src/components/StatusBadge.jsx","statementMap":{"0":{"start":{"line":2,"column":2},"end":{"line":2,"column":null}}},"fnMap":{"0":{"name":"StatusBadge","decl":{"start":{"line":1,"column":24},"end":{"line":1,"column":36}},"loc":{"start":{"line":1,"column":47},"end":{"line":3,"column":null}},"line":1}},"branchMap":{},"s":{"0":1},"f":{"0":1},"b":{},"meta":{"lastBranch":0,"lastFunction":1,"lastStatement":1,"seen":{"f:1:24:1:36":0,"s:2:2:2:Infinity":0}}}
,"/Users/ostapmamchur/Developer/university/programming/lab3/src/pages/LoginPage.jsx": {"path":"/Users/ostapmamchur/Developer/university/programming/lab3/src/pages/LoginPage.jsx","statementMap":{"0":{"start":{"line":6,"column":8},"end":{"line":6,"column":null}},"1":{"start":{"line":7,"column":54},"end":{"line":7,"column":null}},"2":{"start":{"line":8,"column":22},"end":{"line":11,"column":null}},"3":{"start":{"line":12,"column":24},"end":{"line":12,"column":null}},"4":{"start":{"line":13,"column":38},"end":{"line":13,"column":null}},"5":{"start":{"line":15,"column":2},"end":{"line":17,"column":null}},"6":{"start":{"line":16,"column":4},"end":{"line":16,"column":null}},"7":{"start":{"line":20,"column":4},"end":{"line":20,"column":null}},"8":{"start":{"line":21,"column":4},"end":{"line":21,"column":null}},"9":{"start":{"line":22,"column":4},"end":{"line":22,"column":null}},"10":{"start":{"line":24,"column":4},"end":{"line":31,"column":null}},"11":{"start":{"line":25,"column":6},"end":{"line":25,"column":null}},"12":{"start":{"line":26,"column":6},"end":{"line":26,"column":null}},"13":{"start":{"line":28,"column":6},"end":{"line":28,"column":null}},"14":{"start":{"line":30,"column":6},"end":{"line":30,"column":null}},"15":{"start":{"line":34,"column":2},"end":{"line":75,"column":null}},"16":{"start":{"line":49,"column":35},"end":{"line":49,"column":null}},"17":{"start":{"line":49,"column":57},"end":{"line":49,"column":99}},"18":{"start":{"line":59,"column":35},"end":{"line":59,"column":null}},"19":{"start":{"line":59,"column":57},"end":{"line":59,"column":102}}},"fnMap":{"0":{"name":"LoginPage","decl":{"start":{"line":5,"column":24},"end":{"line":5,"column":36}},"loc":{"start":{"line":5,"column":36},"end":{"line":77,"column":null}},"line":5},"1":{"name":"handleSubmit","decl":{"start":{"line":19,"column":17},"end":{"line":19,"column":30}},"loc":{"start":{"line":19,"column":37},"end":{"line":32,"column":null}},"line":19},"2":{"name":"(anonymous_2)","decl":{"start":{"line":49,"column":24},"end":{"line":49,"column":25}},"loc":{"start":{"line":49,"column":35},"end":{"line":49,"column":null}},"line":49},"3":{"name":"(anonymous_3)","decl":{"start":{"line":49,"column":43},"end":{"line":49,"column":44}},"loc":{"start":{"line":49,"column":57},"end":{"line":49,"column":99}},"line":49},"4":{"name":"(anonymous_4)","decl":{"start":{"line":59,"column":24},"end":{"line":59,"column":25}},"loc":{"start":{"line":59,"column":35},"end":{"line":59,"column":null}},"line":59},"5":{"name":"(anonymous_5)","decl":{"start":{"line":59,"column":43},"end":{"line":59,"column":44}},"loc":{"start":{"line":59,"column":57},"end":{"line":59,"column":102}},"line":59}},"branchMap":{"0":{"loc":{"start":{"line":15,"column":2},"end":{"line":17,"column":null}},"type":"if","locations":[{"start":{"line":15,"column":2},"end":{"line":17,"column":null}},{"start":{},"end":{}}],"line":15},"1":{"loc":{"start":{"line":64,"column":12},"end":{"line":64,"column":null}},"type":"cond-expr","locations":[{"start":{"line":64,"column":37},"end":{"line":64,"column":99}},{"start":{"line":64,"column":99},"end":{"line":64,"column":null}}],"line":64},"2":{"loc":{"start":{"line":64,"column":12},"end":{"line":64,"column":37}},"type":"binary-expr","locations":[{"start":{"line":64,"column":12},"end":{"line":64,"column":21}},{"start":{"line":64,"column":21},"end":{"line":64,"column":37}}],"line":64},"3":{"loc":{"start":{"line":64,"column":68},"end":{"line":64,"column":90}},"type":"binary-expr","locations":[{"start":{"line":64,"column":68},"end":{"line":64,"column":77}},{"start":{"line":64,"column":77},"end":{"line":64,"column":90}}],"line":64},"4":{"loc":{"start":{"line":67,"column":13},"end":{"line":67,"column":null}},"type":"cond-expr","locations":[{"start":{"line":67,"column":28},"end":{"line":67,"column":46}},{"start":{"line":67,"column":46},"end":{"line":67,"column":null}}],"line":67}},"s":{"0":7,"1":7,"2":7,"3":7,"4":7,"5":7,"6":0,"7":2,"8":2,"9":2,"10":2,"11":2,"12":1,"13":1,"14":2,"15":7,"16":0,"17":0,"18":0,"19":0},"f":{"0":7,"1":2,"2":0,"3":0,"4":0,"5":0},"b":{"0":[0,7],"1":[1,6],"2":[7,6],"3":[1,0],"4":[2,5]},"meta":{"lastBranch":5,"lastFunction":6,"lastStatement":20,"seen":{"f:5:24:5:36":0,"s:6:8:6:Infinity":0,"s:7:54:7:Infinity":1,"s:8:22:11:Infinity":2,"s:12:24:12:Infinity":3,"s:13:38:13:Infinity":4,"b:15:2:17:Infinity:undefined:undefined:undefined:undefined":0,"s:15:2:17:Infinity":5,"s:16:4:16:Infinity":6,"f:19:17:19:30":1,"s:20:4:20:Infinity":7,"s:21:4:21:Infinity":8,"s:22:4:22:Infinity":9,"s:24:4:31:Infinity":10,"s:25:6:25:Infinity":11,"s:26:6:26:Infinity":12,"s:28:6:28:Infinity":13,"s:30:6:30:Infinity":14,"s:34:2:75:Infinity":15,"f:49:24:49:25":2,"s:49:35:49:Infinity":16,"f:49:43:49:44":3,"s:49:57:49:99":17,"f:59:24:59:25":4,"s:59:35:59:Infinity":18,"f:59:43:59:44":5,"s:59:57:59:102":19,"b:64:37:64:99:64:99:64:Infinity":1,"b:64:12:64:21:64:21:64:37":2,"b:64:68:64:77:64:77:64:90":3,"b:67:28:67:46:67:46:67:Infinity":4}}}
}
