{"/Users/ostapmamchur/Developer/university/programming/lab3/src/api/client.js": {"path":"/Users/ostapmamchur/Developer/university/programming/lab3/src/api/client.js","statementMap":{"0":{"start":{"line":1,"column":16},"end":{"line":1,"column":null}},"1":{"start":{"line":5,"column":4},"end":{"line":5,"column":null}},"2":{"start":{"line":6,"column":4},"end":{"line":6,"column":null}},"3":{"start":{"line":7,"column":4},"end":{"line":7,"column":null}},"4":{"start":{"line":12,"column":18},"end":{"line":14,"column":3}},"5":{"start":{"line":16,"column":2},"end":{"line":18,"column":null}},"6":{"start":{"line":17,"column":4},"end":{"line":17,"column":null}},"7":{"start":{"line":20,"column":19},"end":{"line":23,"column":4}},"8":{"start":{"line":25,"column":2},"end":{"line":27,"column":null}},"9":{"start":{"line":26,"column":4},"end":{"line":26,"column":null}},"10":{"start":{"line":29,"column":15},"end":{"line":29,"column":36}},"11":{"start":{"line":30,"column":15},"end":{"line":30,"column":45}},"12":{"start":{"line":32,"column":2},"end":{"line":34,"column":null}},"13":{"start":{"line":33,"column":4},"end":{"line":33,"column":null}},"14":{"start":{"line":36,"column":2},"end":{"line":36,"column":null}},"15":{"start":{"line":40,"column":22},"end":{"line":40,"column":71}},"16":{"start":{"line":42,"column":2},"end":{"line":91,"column":null}},"17":{"start":{"line":44,"column":6},"end":{"line":47,"column":null}},"18":{"start":{"line":50,"column":6},"end":{"line":52,"column":null}},"19":{"start":{"line":55,"column":6},"end":{"line":55,"column":null}},"20":{"start":{"line":58,"column":6},"end":{"line":58,"column":null}},"21":{"start":{"line":61,"column":6},"end":{"line":61,"column":null}},"22":{"start":{"line":64,"column":6},"end":{"line":67,"column":null}},"23":{"start":{"line":70,"column":6},"end":{"line":72,"column":null}},"24":{"start":{"line":75,"column":6},"end":{"line":78,"column":null}},"25":{"start":{"line":81,"column":6},"end":{"line":84,"column":null}},"26":{"start":{"line":87,"column":6},"end":{"line":89,"column":null}}},"fnMap":{"0":{"name":"(anonymous_0)","decl":{"start":{"line":4,"column":2},"end":{"line":4,"column":13}},"loc":{"start":{"line":4,"column":35},"end":{"line":8,"column":null}},"line":4},"1":{"name":"request","decl":{"start":{"line":11,"column":15},"end":{"line":11,"column":22}},"loc":{"start":{"line":11,"column":43},"end":{"line":37,"column":null}},"line":11},"2":{"name":"createApiClient","decl":{"start":{"line":39,"column":16},"end":{"line":39,"column":31}},"loc":{"start":{"line":39,"column":39},"end":{"line":92,"column":null}},"line":39},"3":{"name":"(anonymous_3)","decl":{"start":{"line":43,"column":4},"end":{"line":43,"column":9}},"loc":{"start":{"line":43,"column":19},"end":{"line":48,"column":5}},"line":43},"4":{"name":"(anonymous_4)","decl":{"start":{"line":49,"column":4},"end":{"line":49,"column":6}},"loc":{"start":{"line":49,"column":9},"end":{"line":53,"column":5}},"line":49},"5":{"name":"(anonymous_5)","decl":{"start":{"line":54,"column":4},"end":{"line":54,"column":12}},"loc":{"start":{"line":54,"column":25},"end":{"line":56,"column":5}},"line":54},"6":{"name":"(anonymous_6)","decl":{"start":{"line":57,"column":4},"end":{"line":57,"column":15}},"loc":{"start":{"line":57,"column":28},"end":{"line":59,"column":5}},"line":57},"7":{"name":"(anonymous_7)","decl":{"start":{"line":60,"column":4},"end":{"line":60,"column":12}},"loc":{"start":{"line":60,"column":25},"end":{"line":62,"column":5}},"line":60},"8":{"name":"(anonymous_8)","decl":{"start":{"line":63,"column":4},"end":{"line":63,"column":17}},"loc":{"start":{"line":63,"column":27},"end":{"line":68,"column":5}},"line":63},"9":{"name":"(anonymous_9)","decl":{"start":{"line":69,"column":4},"end":{"line":69,"column":17}},"loc":{"start":{"line":69,"column":22},"end":{"line":73,"column":5}},"line":69},"10":{"name":"(anonymous_10)","decl":{"start":{"line":74,"column":4},"end":{"line":74,"column":14}},"loc":{"start":{"line":74,"column":24},"end":{"line":79,"column":5}},"line":74},"11":{"name":"(anonymous_11)","decl":{"start":{"line":80,"column":4},"end":{"line":80,"column":14}},"loc":{"start":{"line":80,"column":28},"end":{"line":85,"column":5}},"line":80},"12":{"name":"(anonymous_12)","decl":{"start":{"line":86,"column":4},"end":{"line":86,"column":14}},"loc":{"start":{"line":86,"column":19},"end":{"line":90,"column":null}},"line":86}},"branchMap":{"0":{"loc":{"start":{"line":1,"column":16},"end":{"line":1,"column":null}},"type":"binary-expr","locations":[{"start":{"line":1,"column":16},"end":{"line":1,"column":null}},{"start":{"line":1,"column":71},"end":{"line":1,"column":null}}],"line":1},"1":{"loc":{"start":{"line":11,"column":29},"end":{"line":11,"column":41}},"type":"default-arg","locations":[{"start":{"line":11,"column":39},"end":{"line":11,"column":41}}],"line":11},"2":{"loc":{"start":{"line":16,"column":2},"end":{"line":18,"column":null}},"type":"if","locations":[{"start":{"line":16,"column":2},"end":{"line":18,"column":null}},{"start":{},"end":{}}],"line":16},"3":{"loc":{"start":{"line":25,"column":2},"end":{"line":27,"column":null}},"type":"if","locations":[{"start":{"line":25,"column":2},"end":{"line":27,"column":null}},{"start":{},"end":{}}],"line":25},"4":{"loc":{"start":{"line":30,"column":15},"end":{"line":30,"column":45}},"type":"cond-expr","locations":[{"start":{"line":30,"column":22},"end":{"line":30,"column":38}},{"start":{"line":30,"column":41},"end":{"line":30,"column":45}}],"line":30},"5":{"loc":{"start":{"line":32,"column":2},"end":{"line":34,"column":null}},"type":"if","locations":[{"start":{"line":32,"column":2},"end":{"line":34,"column":null}},{"start":{},"end":{}}],"line":32},"6":{"loc":{"start":{"line":33,"column":23},"end":{"line":33,"column":54}},"type":"binary-expr","locations":[{"start":{"line":33,"column":23},"end":{"line":33,"column":34}},{"start":{"line":33,"column":38},"end":{"line":33,"column":54}}],"line":33},"7":{"loc":{"start":{"line":40,"column":22},"end":{"line":40,"column":71}},"type":"cond-expr","locations":[{"start":{"line":40,"column":30},"end":{"line":40,"column":66}},{"start":{"line":40,"column":69},"end":{"line":40,"column":71}}],"line":40},"8":{"loc":{"start":{"line":54,"column":13},"end":{"line":54,"column":23}},"type":"default-arg","locations":[{"start":{"line":54,"column":21},"end":{"line":54,"column":23}}],"line":54},"9":{"loc":{"start":{"line":57,"column":16},"end":{"line":57,"column":26}},"type":"default-arg","locations":[{"start":{"line":57,"column":24},"end":{"line":57,"column":26}}],"line":57},"10":{"loc":{"start":{"line":60,"column":13},"end":{"line":60,"column":23}},"type":"default-arg","locations":[{"start":{"line":60,"column":21},"end":{"line":60,"column":23}}],"line":60}},"s":{"0":1,"1":0,"2":0,"3":0,"4":2,"5":2,"6":1,"7":2,"8":2,"9":1,"10":1,"11":1,"12":2,"13":0,"14":1,"15":2,"16":2,"17":1,"18":0,"19":0,"20":0,"21":0,"22":0,"23":0,"24":0,"25":0,"26":1},"f":{"0":0,"1":2,"2":2,"3":1,"4":0,"5":0,"6":0,"7":0,"8":0,"9":0,"10":0,"11":0,"12":1},"b":{"0":[1,1],"1":[2],"2":[1,1],"3":[1,1],"4":[1,0],"5":[0,2],"6":[0,0],"7":[0,2],"8":[0],"9":[0],"10":[0]},"meta":{"lastBranch":11,"lastFunction":13,"lastStatement":27,"seen":{"s:1:16:1:Infinity":0,"b:1:16:1:Infinity:1:71:1:Infinity":0,"f:4:2:4:13":0,"s:5:4:5:Infinity":1,"s:6:4:6:Infinity":2,"s:7:4:7:Infinity":3,"f:11:15:11:22":1,"b:11:39:11:41":1,"s:12:18:14:3":4,"b:16:2:18:Infinity:undefined:undefined:undefined:undefined":2,"s:16:2:18:Infinity":5,"s:17:4:17:Infinity":6,"s:20:19:23:4":7,"b:25:2:27:Infinity:undefined:undefined:undefined:undefined":3,"s:25:2:27:Infinity":8,"s:26:4:26:Infinity":9,"s:29:15:29:36":10,"s:30:15:30:45":11,"b:30:22:30:38:30:41:30:45":4,"b:32:2:34:Infinity:undefined:undefined:undefined:undefined":5,"s:32:2:34:Infinity":12,"s:33:4:33:Infinity":13,"b:33:23:33:34:33:38:33:54":6,"s:36:2:36:Infinity":14,"f:39:16:39:31":2,"s:40:22:40:71":15,"b:40:30:40:66:40:69:40:71":7,"s:42:2:91:Infinity":16,"f:43:4:43:9":3,"s:44:6:47:Infinity":17,"f:49:4:49:6":4,"s:50:6:52:Infinity":18,"f:54:4:54:12":5,"b:54:21:54:23":8,"s:55:6:55:Infinity":19,"f:57:4:57:15":6,"b:57:24:57:26":9,"s:58:6:58:Infinity":20,"f:60:4:60:12":7,"b:60:21:60:23":10,"s:61:6:61:Infinity":21,"f:63:4:63:17":8,"s:64:6:67:Infinity":22,"f:69:4:69:17":9,"s:70:6:72:Infinity":23,"f:74:4:74:14":10,"s:75:6:78:Infinity":24,"f:80:4:80:14":11,"s:81:6:84:Infinity":25,"f:86:4:86:14":12,"s:87:6:89:Infinity":26}}}
,"/Users/ostapmamchur/Developer/university/programming/lab3/src/components/MetricCard.jsx": {"path":"/Users/ostapmamchur/Developer/university/programming/lab3/src/components/MetricCard.jsx","statementMap":{"0":{"start":{"line":2,"column":2},"end":{"line":7,"column":null}}},"fnMap":{"0":{"name":"MetricCard","decl":{"start":{"line":1,"column":24},"end":{"line":1,"column":35}},"loc":{"start":{"line":1,"column":61},"end":{"line":9,"column":null}},"line":1}},"branchMap":{},"s":{"0":1},"f":{"0":1},"b":{},"meta":{"lastBranch":0,"lastFunction":1,"lastStatement":1,"seen":{"f:1:24:1:35":0,"s:2:2:7:Infinity":0}}}
,"/Users/ostapmamchur/Developer/university/programming/lab3/src/components/StatusBadge.jsx": {"path":"/Users/ostapmamchur/Developer/university/programming/lab3/src/components/StatusBadge.jsx","statementMap":{"0":{"start":{"line":2,"column":2},"end":{"line":2,"column":null}}},"fnMap":{"0":{"name":"StatusBadge","decl":{"start":{"line":1,"column":24},"end":{"line":1,"column":36}},"loc":{"start":{"line":1,"column":47},"end":{"line":3,"column":null}},"line":1}},"branchMap":{},"s":{"0":1},"f":{"0":1},"b":{},"meta":{"lastBranch":0,"lastFunction":1,"lastStatement":1,"seen":{"f:1:24:1:36":0,"s:2:2:2:Infinity":0}}}
,"/Users/ostapmamchur/Developer/university/programming/lab3/src/pages/LoginPage.jsx": {"path":"/Users/ostapmamchur/Developer/university/programming/lab3/src/pages/LoginPage.jsx","statementMap":{"0":{"start":{"line":6,"column":8},"end":{"line":6,"column":null}},"1":{"start":{"line":7,"column":54},"end":{"line":7,"column":null}},"2":{"start":{"line":8,"column":22},"end":{"line":11,"column":null}},"3":{"start":{"line":12,"column":24},"end":{"line":12,"column":null}},"4":{"start":{"line":13,"column":38},"end":{"line":13,"column":null}},"5":{"start":{"line":15,"column":2},"end":{"line":17,"column":null}},"6":{"start":{"line":16,"column":4},"end":{"line":16,"column":null}},"7":{"start":{"line":20,"column":4},"end":{"line":20,"column":null}},"8":{"start":{"line":21,"column":4},"end":{"line":21,"column":null}},"9":{"start":{"line":22,"column":4},"end":{"line":22,"column":null}},"10":{"start":{"line":24,"column":4},"end":{"line":31,"column":null}},"11":{"start":{"line":25,"column":6},"end":{"line":25,"column":null}},"12":{"start":{"line":26,"column":6},"end":{"line":26,"column":null}},"13":{"start":{"line":28,"column":6},"end":{"line":28,"column":null}},"14":{"start":{"line":30,"column":6},"end":{"line":30,"column":null}},"15":{"start":{"line":34,"column":2},"end":{"line":75,"column":null}},"16":{"start":{"line":49,"column":35},"end":{"line":49,"column":null}},"17":{"start":{"line":49,"column":57},"end":{"line":49,"column":99}},"18":{"start":{"line":59,"column":35},"end":{"line":59,"column":null}},"19":{"start":{"line":59,"column":57},"end":{"line":59,"column":102}}},"fnMap":{"0":{"name":"LoginPage","decl":{"start":{"line":5,"column":24},"end":{"line":5,"column":36}},"loc":{"start":{"line":5,"column":36},"end":{"line":77,"column":null}},"line":5},"1":{"name":"handleSubmit","decl":{"start":{"line":19,"column":17},"end":{"line":19,"column":30}},"loc":{"start":{"line":19,"column":37},"end":{"line":32,"column":null}},"line":19},"2":{"name":"(anonymous_2)","decl":{"start":{"line":49,"column":24},"end":{"line":49,"column":25}},"loc":{"start":{"line":49,"column":35},"end":{"line":49,"column":null}},"line":49},"3":{"name":"(anonymous_3)","decl":{"start":{"line":49,"column":43},"end":{"line":49,"column":44}},"loc":{"start":{"line":49,"column":57},"end":{"line":49,"column":99}},"line":49},"4":{"name":"(anonymous_4)","decl":{"start":{"line":59,"column":24},"end":{"line":59,"column":25}},"loc":{"start":{"line":59,"column":35},"end":{"line":59,"column":null}},"line":59},"5":{"name":"(anonymous_5)","decl":{"start":{"line":59,"column":43},"end":{"line":59,"column":44}},"loc":{"start":{"line":59,"column":57},"end":{"line":59,"column":102}},"line":59}},"branchMap":{"0":{"loc":{"start":{"line":15,"column":2},"end":{"line":17,"column":null}},"type":"if","locations":[{"start":{"line":15,"column":2},"end":{"line":17,"column":null}},{"start":{},"end":{}}],"line":15},"1":{"loc":{"start":{"line":64,"column":12},"end":{"line":64,"column":null}},"type":"cond-expr","locations":[{"start":{"line":64,"column":37},"end":{"line":64,"column":99}},{"start":{"line":64,"column":99},"end":{"line":64,"column":null}}],"line":64},"2":{"loc":{"start":{"line":64,"column":12},"end":{"line":64,"column":37}},"type":"binary-expr","locations":[{"start":{"line":64,"column":12},"end":{"line":64,"column":21}},{"start":{"line":64,"column":21},"end":{"line":64,"column":37}}],"line":64},"3":{"loc":{"start":{"line":64,"column":68},"end":{"line":64,"column":90}},"type":"binary-expr","locations":[{"start":{"line":64,"column":68},"end":{"line":64,"column":77}},{"start":{"line":64,"column":77},"end":{"line":64,"column":90}}],"line":64},"4":{"loc":{"start":{"line":67,"column":13},"end":{"line":67,"column":null}},"type":"cond-expr","locations":[{"start":{"line":67,"column":28},"end":{"line":67,"column":46}},{"start":{"line":67,"column":46},"end":{"line":67,"column":null}}],"line":67}},"s":{"0":7,"1":7,"2":7,"3":7,"4":7,"5":7,"6":0,"7":2,"8":2,"9":2,"10":2,"11":2,"12":1,"13":1,"14":2,"15":7,"16":0,"17":0,"18":0,"19":0},"f":{"0":7,"1":2,"2":0,"3":0,"4":0,"5":0},"b":{"0":[0,7],"1":[1,6],"2":[7,6],"3":[1,0],"4":[2,5]},"meta":{"lastBranch":5,"lastFunction":6,"lastStatement":20,"seen":{"f:5:24:5:36":0,"s:6:8:6:Infinity":0,"s:7:54:7:Infinity":1,"s:8:22:11:Infinity":2,"s:12:24:12:Infinity":3,"s:13:38:13:Infinity":4,"b:15:2:17:Infinity:undefined:undefined:undefined:undefined":0,"s:15:2:17:Infinity":5,"s:16:4:16:Infinity":6,"f:19:17:19:30":1,"s:20:4:20:Infinity":7,"s:21:4:21:Infinity":8,"s:22:4:22:Infinity":9,"s:24:4:31:Infinity":10,"s:25:6:25:Infinity":11,"s:26:6:26:Infinity":12,"s:28:6:28:Infinity":13,"s:30:6:30:Infinity":14,"s:34:2:75:Infinity":15,"f:49:24:49:25":2,"s:49:35:49:Infinity":16,"f:49:43:49:44":3,"s:49:57:49:99":17,"f:59:24:59:25":4,"s:59:35:59:Infinity":18,"f:59:43:59:44":5,"s:59:57:59:102":19,"b:64:37:64:99:64:99:64:Infinity":1,"b:64:12:64:21:64:21:64:37":2,"b:64:68:64:77:64:77:64:90":3,"b:67:28:67:46:67:46:67:Infinity":4}}}
}
